Run 1:  Mon Aug 02 21:36:33 2021.  .
        Em version 14.52 (64-bit Windows) on DESKTOP-4GF3P7O local.

  Project:  C:\Users\Labiks\Documents\GitHub\KLayout-python\SonnetLab_Matlab_server\Sonnet_projects\matlab_proj.son.

    Frequency:  6.5225 GHZ
      Frequency completed Mon Aug 02 21:42:30 2021.
      De-embedded S-Parameters. 50.0 Ohm Port Terminations.
      Magnitude/Angle. Touchstone Format. (S11 S21 S12 S22).
        6.52250000 0.079219 162.78 0.996857 -29.23 0.996857 -29.23 0.079219 -41.24
        !< P1 F=6.5225 Eeff=(6.22494903 0.0) Z0=(49.18856 0.0) R=0.0 C=0.00625147 
        !< P2 F=6.5225 Eeff=(6.22494903 0.0) Z0=(49.18856 0.0) R=0.0 C=0.00625147 

    Frequency:  6.5275 GHZ
      Frequency completed Mon Aug 02 21:46:57 2021.
      De-embedded S-Parameters. 50.0 Ohm Port Terminations.
      Magnitude/Angle. Touchstone Format. (S11 S21 S12 S22).
        6.52750000 0.097151 -14.28 0.995270 -19.15 0.995270 -19.15 0.097151 155.98
        !< P1 F=6.5275 Eeff=(6.22494834 0.0) Z0=(49.1885551 0.0) R=0.0 C=0.00625146 
        !< P2 F=6.5275 Eeff=(6.22494834 0.0) Z0=(49.1885551 0.0) R=0.0 C=0.00625146 

    Frequency:  6.52528 GHZ
      Frequency completed Mon Aug 02 21:51:23 2021.
      De-embedded S-Parameters. 50.0 Ohm Port Terminations.
      Magnitude/Angle. Touchstone Format. (S11 S21 S12 S22).
        6.52528000 0.999270 71.164 0.038202 63.101 0.038202 63.101 0.999270 -125.0
        !< P1 F=6.52528 Eeff=(6.22494865 0.0) Z0=(49.1885573 0.0) R=0.0 C=0.00625147 
        !< P2 F=6.52528 Eeff=(6.22494865 0.0) Z0=(49.1885573 0.0) R=0.0 C=0.00625147 

Analysis completed Mon Aug 02 21:51:23 2021.
