Run 1:  Mon Aug 02 21:36:33 2021.  .
        Em version 14.52 (64-bit Windows) on DESKTOP-4GF3P7O local.

  Project:  C:\Users\Labiks\Documents\GitHub\KLayout-python\SonnetLab_Matlab_server\Sonnet_projects\matlab_proj.son.

    Frequency:  6.5225 GHZ
      Subsectioning at 6.5275 GHz with Eeff of 6.225.
      Subsectioning time:  1 minute 31 seconds.
      De-embedding information for left box wall port(s):
        Left SOC Electric Wall: 630.857 microns length, 885 subsections, 51 MB.
        Left SOC Magnetic Wall: 1261.71 microns length, 854 subsections, 51 MB.
      De-embedding information for right box wall port(s):
        Right SOC Electric Wall: 630.857 microns length, 885 subsections, 51 MB.
        Right SOC Magnetic Wall: 1261.71 microns length, 854 subsections, 51 MB.
      Em license feature:  emhighperformance.
      Circuit requires 25864 subsections and 2801 MB of memory.

      Subsections by level and type:
      Level 0:
        Staircase:  25864

      Required memory by type:
        System matrix:            2552 MB
        Elemental subsections:
          Primary structure:      74 MB
          Left standard:          81 MB
          Right standard:         81 MB
        Fourier transform:        5 MB
        Waveguide mode:           4 MB
        Adaptive band synthesis:  3 MB
        Miscellaneous:            1 MB
        TOTAL REQUIRED MEMORY:    2801 MB

      Matrix solver:  internal 64-bit SSE lossless.
      Simulation mode:  local machine.
      Threads:  using 12 thread(s), 12 core(s) available.
      Waveguide mode time:  0.080 seconds.
      Fourier transform time:  0.207 seconds.
      Coupling time:  2 minutes 36 seconds.
      Loss time:  0 seconds.
      Matrix fill time:  2 minutes 37 seconds.
      Matrix solve time:  1 minute 37 seconds.
      De-embedding time for left box wall:
        SOC Electric Wall Std: 4 seconds.
        SOC Magnetic Wall Std: 4 seconds.
        Total:                 8 seconds.
      Total time per frequency:  4 minutes 26 seconds.

    Frequency:  6.5275 GHZ
      Total time per frequency:  4 minutes 26 seconds.
      ABS time:  0.148 seconds.

    Frequency:  6.52528 GHZ
      Total time per frequency:  4 minutes 26 seconds.
      ABS time:  0.159 seconds.

    Post-Analysis:
      Total time for 3 frequencies:  14 minutes 50 seconds.

Analysis completed Mon Aug 02 21:51:23 2021.
