Run 1:  Mon Aug 02 19:10:11 2021.  .
        Em version 14.52 (64-bit Windows) on DESKTOP-4GF3P7O local.

  Project:  C:\Users\Labiks\Documents\GitHub\KLayout-python\SonnetLab_Matlab_server\Sonnet_projects\matlab_proj.son.

    Frequency:  6.2725 GHZ
      Frequency completed Mon Aug 02 19:17:14 2021.
      De-embedded S-Parameters. 50.0 Ohm Port Terminations.
      Magnitude/Angle. Touchstone Format. (S11 S21 S12 S22).
        6.27250000 0.136683 144.11 0.990615 -39.84 0.990615 -39.84 0.136683 -43.78
        !< P1 F=6.2725 Eeff=(6.22475766 0.0) Z0=(49.1886343 0.0) R=0.0 C=0.00625471 
        !< P2 F=6.2725 Eeff=(6.22475766 0.0) Z0=(49.1886343 0.0) R=0.0 C=0.00625471 

    Frequency:  6.2775 GHZ
      Frequency completed Mon Aug 02 19:22:32 2021.
      De-embedded S-Parameters. 50.0 Ohm Port Terminations.
      Magnitude/Angle. Touchstone Format. (S11 S21 S12 S22).
        6.27750000 0.060394 -34.69 0.998175 -28.58 0.998175 -28.58 0.060394 157.53
        !< P1 F=6.2775 Eeff=(6.22475675 0.0) Z0=(49.1886288 0.0) R=0.0 C=0.00625471 
        !< P2 F=6.2775 Eeff=(6.22475675 0.0) Z0=(49.1886288 0.0) R=0.0 C=0.00625471 

    Frequency:  6.27404 GHZ
      Frequency completed Mon Aug 02 19:27:48 2021.
      De-embedded S-Parameters. 50.0 Ohm Port Terminations.
      Magnitude/Angle. Touchstone Format. (S11 S21 S12 S22).
        6.27404000 0.998795 56.051 0.049080 55.186 0.049080 55.186 0.998795 -125.7
        !< P1 F=6.27404 Eeff=(6.22475738 0.0) Z0=(49.1886326 0.0) R=0.0 C=0.00625471 
        !< P2 F=6.27404 Eeff=(6.22475738 0.0) Z0=(49.1886326 0.0) R=0.0 C=0.00625471 

Analysis completed Mon Aug 02 19:27:49 2021.
