Run 1:  Mon Aug 02 20:24:48 2021.  .
        Em version 14.52 (64-bit Windows) on DESKTOP-4GF3P7O local.

  Project:  C:\Users\Labiks\Documents\GitHub\KLayout-python\SonnetLab_Matlab_server\Sonnet_projects\matlab_proj.son.

    Frequency:  6.3275 GHZ
      Frequency completed Mon Aug 02 20:31:22 2021.
      De-embedded S-Parameters. 50.0 Ohm Port Terminations.
      Magnitude/Angle. Touchstone Format. (S11 S21 S12 S22).
        6.32750000 0.220001 152.07 0.975500 -36.88 0.975500 -36.88 0.220001 -45.83
        !< P1 F=6.3275 Eeff=(6.22494811 0.0) Z0=(49.1886697 0.0) R=0.0 C=0.00625178 
        !< P2 F=6.3275 Eeff=(6.22494811 0.0) Z0=(49.1886697 0.0) R=0.0 C=0.00625178 

    Frequency:  6.3325 GHZ
      Frequency completed Mon Aug 02 20:36:22 2021.
      De-embedded S-Parameters. 50.0 Ohm Port Terminations.
      Magnitude/Angle. Touchstone Format. (S11 S21 S12 S22).
        6.33250000 0.052074 -19.47 0.998643 -21.22 0.998643 -21.22 0.052074 157.02
        !< P1 F=6.3325 Eeff=(6.22494742 0.0) Z0=(49.1886649 0.0) R=0.0 C=0.00625178 
        !< P2 F=6.3325 Eeff=(6.22494742 0.0) Z0=(49.1886649 0.0) R=0.0 C=0.00625178 

    Frequency:  6.32846 GHZ
      Frequency completed Mon Aug 02 20:41:20 2021.
      De-embedded S-Parameters. 50.0 Ohm Port Terminations.
      Magnitude/Angle. Touchstone Format. (S11 S21 S12 S22).
        6.32846000 0.999127 71.020 0.041766 63.429 0.041766 63.429 0.999127 -124.2
        !< P1 F=6.32846 Eeff=(6.22494798 0.0) Z0=(49.1886688 0.0) R=0.0 C=0.00625178 
        !< P2 F=6.32846 Eeff=(6.22494798 0.0) Z0=(49.1886688 0.0) R=0.0 C=0.00625178 

Analysis completed Mon Aug 02 20:41:20 2021.
