Run 1:  Mon Aug 02 20:24:48 2021.  .
        Em version 14.52 (64-bit Windows) on DESKTOP-4GF3P7O local.

  Project:  C:\Users\Labiks\Documents\GitHub\KLayout-python\SonnetLab_Matlab_server\Sonnet_projects\matlab_proj.son.

    Frequency:  6.3275 GHZ
      Subsectioning at 6.3325 GHz with Eeff of 6.225.
      Subsectioning time:  1 minute 37 seconds.
      De-embedding information for left box wall port(s):
        Left SOC Electric Wall: 635.749 microns length, 885 subsections, 52 MB.
        Left SOC Magnetic Wall: 1271.5 microns length, 854 subsections, 52 MB.
      De-embedding information for right box wall port(s):
        Right SOC Electric Wall: 635.749 microns length, 885 subsections, 52 MB.
        Right SOC Magnetic Wall: 1271.5 microns length, 854 subsections, 52 MB.
      Em license feature:  emhighperformance.
      Circuit requires 27125 subsections and 3058 MB of memory.

      Subsections by level and type:
      Level 0:
        Staircase:  27125

      Required memory by type:
        System matrix:            2807 MB
        Elemental subsections:
          Primary structure:      75 MB
          Left standard:          81 MB
          Right standard:         81 MB
        Fourier transform:        5 MB
        Waveguide mode:           4 MB
        Adaptive band synthesis:  2 MB
        Miscellaneous:            1 MB
        TOTAL REQUIRED MEMORY:    3058 MB

      Matrix solver:  internal 64-bit SSE lossless.
      Simulation mode:  local machine.
      Threads:  using 12 thread(s), 12 core(s) available.
      Waveguide mode time:  0.078 seconds.
      Fourier transform time:  0.325 seconds.
      Coupling time:  2 minutes 52 seconds.
      Loss time:  0 seconds.
      Matrix fill time:  2 minutes 53 seconds.
      Matrix solve time:  1 minute 52 seconds.
      De-embedding time for left box wall:
        SOC Electric Wall Std: 4 seconds.
        SOC Magnetic Wall Std: 4 seconds.
        Total:                 8 seconds.
      Total time per frequency:  4 minutes 57 seconds.

    Frequency:  6.3325 GHZ
      Total time per frequency:  4 minutes 59 seconds.
      ABS time:  0.127 seconds.

    Frequency:  6.32846 GHZ
      Total time per frequency:  4 minutes 57 seconds.
      ABS time:  0.141 seconds.

    Post-Analysis:
      Total time for 3 frequencies:  16 minutes 32 seconds.

Analysis completed Mon Aug 02 20:41:20 2021.
