Run 1:  Mon Aug 02 23:26:49 2021.  .
        Em version 14.52 (64-bit Windows) on DESKTOP-4GF3P7O local.

  Project:  C:\Users\Labiks\Documents\GitHub\KLayout-python\SonnetLab_Matlab_server\Sonnet_projects\matlab_proj.son.

    Frequency:  6.5875 GHZ
      Subsectioning at 6.5925 GHz with Eeff of 6.225.
      Subsectioning time:  2 minutes 10 seconds.
      De-embedding information for left box wall port(s):
        Left SOC Electric Wall: 837.857 microns length, 950 subsections, 66 MB.
        Left SOC Magnetic Wall: 1675.71 microns length, 919 subsections, 66 MB.
      De-embedding information for right box wall port(s):
        Right SOC Electric Wall: 837.857 microns length, 950 subsections, 66 MB.
        Right SOC Magnetic Wall: 1675.71 microns length, 919 subsections, 66 MB.
      Em license feature:  emhighperformance.
      Circuit requires 25563 subsections and 2824 MB of memory.

      Subsections by level and type:
      Level 0:
        Staircase:  25563

      Required memory by type:
        System matrix:            2493 MB
        Elemental subsections:
          Primary structure:      101 MB
          Left standard:          108 MB
          Right standard:         108 MB
        Fourier transform:        7 MB
        Waveguide mode:           4 MB
        Adaptive band synthesis:  2 MB
        Miscellaneous:            1 MB
        TOTAL REQUIRED MEMORY:    2824 MB

      Matrix solver:  internal 64-bit SSE lossless.
      Simulation mode:  local machine.
      Threads:  using 12 thread(s), 12 core(s) available.
      Waveguide mode time:  0.080 seconds.
      Fourier transform time:  0.276 seconds.
      Coupling time:  3 minutes 12 seconds.
      Loss time:  0 seconds.
      Matrix fill time:  3 minutes 13 seconds.
      Matrix solve time:  1 minute 36 seconds.
      De-embedding time for left box wall:
        SOC Electric Wall Std: 5 seconds.
        SOC Magnetic Wall Std: 5 seconds.
        Total:                 11 seconds.
      Frequency completed Mon Aug 02 23:34:04 2021.
      De-embedded S-Parameters. 50.0 Ohm Port Terminations.
      Magnitude/Angle. Touchstone Format. (S11 S21 S12 S22).
        6.58750000 0.072470 130.58 0.997371 -37.43 0.997371 -37.43 0.072470 -25.45
        !< P1 F=6.5875 Eeff=(6.2247366 0.0) Z0=(49.1884308 0.0) R=0.0 C=0.00625408 
        !< P2 F=6.5875 Eeff=(6.2247366 0.0) Z0=(49.1884308 0.0) R=0.0 C=0.00625408 
      Total time per frequency:  5 minutes 4 seconds.

    Frequency:  6.5925 GHZ
      Frequency completed Mon Aug 02 23:39:06 2021.
      De-embedded S-Parameters. 50.0 Ohm Port Terminations.
      Magnitude/Angle. Touchstone Format. (S11 S21 S12 S22).
        6.59250000 0.107069 -48.37 0.994252 -27.19 0.994252 -27.19 0.107069 173.99
        !< P1 F=6.5925 Eeff=(6.22473572 0.0) Z0=(49.1884254 0.0) R=0.0 C=0.00625408 
        !< P2 F=6.5925 Eeff=(6.22473572 0.0) Z0=(49.1884254 0.0) R=0.0 C=0.00625408 
      Total time per frequency:  5 minutes 2 seconds.
      ABS time:  0.099 seconds.

    Frequency:  6.59042 GHZ
      Frequency completed Mon Aug 02 23:44:07 2021.
      De-embedded S-Parameters. 50.0 Ohm Port Terminations.
      Magnitude/Angle. Touchstone Format. (S11 S21 S12 S22).
        6.59042000 0.999856 38.232 0.016971 55.715 0.016971 55.715 0.999856 -106.8
        !< P1 F=6.59042 Eeff=(6.22473609 0.0) Z0=(49.1884276 0.0) R=0.0 C=0.00625408 
        !< P2 F=6.59042 Eeff=(6.22473609 0.0) Z0=(49.1884276 0.0) R=0.0 C=0.00625408 
      Total time per frequency:  5 minutes.
      ABS time:  0.112 seconds.

    Post-Analysis:
      Total time for 3 frequencies:  17 minutes 18 seconds.
      Errors detected: 0    Warnings detected: 0.

Analysis completed Mon Aug 02 23:44:07 2021.
