Run 1:  Mon Aug 02 23:26:49 2021.  .
        Em version 14.52 (64-bit Windows) on DESKTOP-4GF3P7O local.

  Project:  C:\Users\Labiks\Documents\GitHub\KLayout-python\SonnetLab_Matlab_server\Sonnet_projects\matlab_proj.son.

    Frequency:  6.5875 GHZ
      Frequency completed Mon Aug 02 23:34:04 2021.
      De-embedded S-Parameters. 50.0 Ohm Port Terminations.
      Magnitude/Angle. Touchstone Format. (S11 S21 S12 S22).
        6.58750000 0.072470 130.58 0.997371 -37.43 0.997371 -37.43 0.072470 -25.45
        !< P1 F=6.5875 Eeff=(6.2247366 0.0) Z0=(49.1884308 0.0) R=0.0 C=0.00625408 
        !< P2 F=6.5875 Eeff=(6.2247366 0.0) Z0=(49.1884308 0.0) R=0.0 C=0.00625408 

    Frequency:  6.5925 GHZ
      Frequency completed Mon Aug 02 23:39:06 2021.
      De-embedded S-Parameters. 50.0 Ohm Port Terminations.
      Magnitude/Angle. Touchstone Format. (S11 S21 S12 S22).
        6.59250000 0.107069 -48.37 0.994252 -27.19 0.994252 -27.19 0.107069 173.99
        !< P1 F=6.5925 Eeff=(6.22473572 0.0) Z0=(49.1884254 0.0) R=0.0 C=0.00625408 
        !< P2 F=6.5925 Eeff=(6.22473572 0.0) Z0=(49.1884254 0.0) R=0.0 C=0.00625408 

    Frequency:  6.59042 GHZ
      Frequency completed Mon Aug 02 23:44:07 2021.
      De-embedded S-Parameters. 50.0 Ohm Port Terminations.
      Magnitude/Angle. Touchstone Format. (S11 S21 S12 S22).
        6.59042000 0.999856 38.232 0.016971 55.715 0.016971 55.715 0.999856 -106.8
        !< P1 F=6.59042 Eeff=(6.22473609 0.0) Z0=(49.1884276 0.0) R=0.0 C=0.00625408 
        !< P2 F=6.59042 Eeff=(6.22473609 0.0) Z0=(49.1884276 0.0) R=0.0 C=0.00625408 

Analysis completed Mon Aug 02 23:44:07 2021.
