Run 1:  Mon Aug 02 21:00:22 2021.  .
        Em version 14.52 (64-bit Windows) on DESKTOP-4GF3P7O local.

  Project:  C:\Users\Labiks\Documents\GitHub\KLayout-python\SonnetLab_Matlab_server\Sonnet_projects\matlab_proj.son.

    Frequency:  6.4275 GHZ
      Subsectioning at 6.4325 GHz with Eeff of 6.225.
      Subsectioning time:  48 seconds.
      De-embedding information for left box wall port(s):
        Left SOC Electric Wall: 435.857 microns length, 824 subsections, 38 MB.
        Left SOC Magnetic Wall: 871.713 microns length, 793 subsections, 37 MB.
      De-embedding information for right box wall port(s):
        Right SOC Electric Wall: 435.857 microns length, 824 subsections, 38 MB.
        Right SOC Magnetic Wall: 871.713 microns length, 793 subsections, 37 MB.
      Em license feature:  emhighperformance.
      Circuit requires 26028 subsections and 2755 MB of memory.

      Subsections by level and type:
      Level 0:
        Staircase:  26028

      Required memory by type:
        System matrix:            2584 MB
        Elemental subsections:
          Primary structure:      49 MB
          Left standard:          56 MB
          Right standard:         56 MB
        Fourier transform:        4 MB
        Waveguide mode:           4 MB
        Adaptive band synthesis:  2 MB
        Miscellaneous:            1 MB
        TOTAL REQUIRED MEMORY:    2755 MB

      Matrix solver:  internal 64-bit SSE lossless.
      Simulation mode:  local machine.
      Threads:  using 12 thread(s), 12 core(s) available.
      Waveguide mode time:  0.079 seconds.
      Fourier transform time:  0.150 seconds.
      Coupling time:  1 minute 52 seconds.
      Loss time:  0 seconds.
      Matrix fill time:  1 minute 52 seconds.
      Matrix solve time:  1 minute 40 seconds.
      De-embedding time for left box wall:
        SOC Electric Wall Std: 3 seconds.
        SOC Magnetic Wall Std: 2 seconds.
        Total:                 6 seconds.
      Total time per frequency:  3 minutes 41 seconds.

    Frequency:  6.4325 GHZ
      Total time per frequency:  3 minutes 41 seconds.
      ABS time:  0.091 seconds.

    Frequency:  6.43184 GHZ
      Total time per frequency:  3 minutes 42 seconds.
      ABS time:  0.098 seconds.

    Post-Analysis:
      Total time for 3 frequencies:  11 minutes 53 seconds.

Analysis completed Mon Aug 02 21:12:15 2021.
