Run 1:  Mon Aug 02 21:00:22 2021.  .
        Em version 14.52 (64-bit Windows) on DESKTOP-4GF3P7O local.

  Project:  C:\Users\Labiks\Documents\GitHub\KLayout-python\SonnetLab_Matlab_server\Sonnet_projects\matlab_proj.son.

    Frequency:  6.4275 GHZ
      Frequency completed Mon Aug 02 21:04:51 2021.
      De-embedded S-Parameters. 50.0 Ohm Port Terminations.
      Magnitude/Angle. Touchstone Format. (S11 S21 S12 S22).
        6.42750000 0.049639 179.59 0.998767 -19.64 0.998767 -19.64 0.049639 -38.87
        !< P1 F=6.4275 Eeff=(6.22582366 0.0) Z0=(49.1877364 0.0) R=0.0 C=0.00624453 
        !< P2 F=6.4275 Eeff=(6.22582366 0.0) Z0=(49.1877364 0.0) R=0.0 C=0.00624453 

    Frequency:  6.4325 GHZ
      Frequency completed Mon Aug 02 21:08:33 2021.
      De-embedded S-Parameters. 50.0 Ohm Port Terminations.
      Magnitude/Angle. Touchstone Format. (S11 S21 S12 S22).
        6.43250000 0.308370 15.953 0.951267 1.1416 0.951267 1.1416 0.308370 166.33
        !< P1 F=6.4325 Eeff=(6.22582344 0.0) Z0=(49.1877337 0.0) R=0.0 C=0.00624453 
        !< P2 F=6.4325 Eeff=(6.22582344 0.0) Z0=(49.1877337 0.0) R=0.0 C=0.00624453 

    Frequency:  6.43184 GHZ
      Frequency completed Mon Aug 02 21:12:15 2021.
      De-embedded S-Parameters. 50.0 Ohm Port Terminations.
      Magnitude/Angle. Touchstone Format. (S11 S21 S12 S22).
        6.43184000 0.999196 90.887 0.040081 -104.5 0.040081 -104.5 0.999196 -119.9
        !< P1 F=6.43184 Eeff=(6.22582347 0.0) Z0=(49.1877341 0.0) R=0.0 C=0.00624453 
        !< P2 F=6.43184 Eeff=(6.22582347 0.0) Z0=(49.1877341 0.0) R=0.0 C=0.00624453 

Analysis completed Mon Aug 02 21:12:15 2021.
